#
# There is insufficient memory for the Java Runtime Environment to continue.
# Native memory allocation (malloc) failed to allocate 1318256 bytes for Chunk::new
# Possible reasons:
#   The system is out of physical RAM or swap space
#   The process is running with CompressedOops enabled, and the Java Heap may be blocking the growth of the native heap
# Possible solutions:
#   Reduce memory load on the system
#   Increase physical memory or swap space
#   Check if swap backing store is full
#   Decrease Java heap size (-Xmx/-Xms)
#   Decrease number of Java threads
#   Decrease Java thread stack sizes (-Xss)
#   Set larger code cache with -XX:ReservedCodeCacheSize=
#   JVM is running with Unscaled Compressed Oops mode in which the Java heap is
#     placed in the first 4GB address space. The Java Heap base address is the
#     maximum limit for the native heap growth. Please use -XX:HeapBaseMinAddress
#     to set the Java Heap base and to place the Java Heap above 4GB virtual address.
# This output file may be truncated or incomplete.
#
#  Out of Memory Error (allocation.cpp:389), pid=2472, tid=0x0000000000002a8c
#
# JRE version: OpenJDK Runtime Environment (8.0_302-b08) (build 1.8.0_302-b08)
# Java VM: OpenJDK 64-Bit Server VM (25.302-b08 mixed mode windows-amd64 compressed oops)
# Failed to write core dump. Minidumps are not enabled by default on client versions of Windows
#

---------------  T H R E A D  ---------------

Current thread (0x0000000015fab000):  JavaThread "C2 CompilerThread1" daemon [_thread_in_native, id=10892, stack(0x0000000016970000,0x0000000016a70000)]

Stack: [0x0000000016970000,0x0000000016a70000]
[error occurred during error reporting (printing stack bounds), id 0xc0000005]

Native frames: (J=compiled Java code, j=interpreted, Vv=VM code, C=native code)


Current CompileTask:
C2:  34348 7036       4       org.gradle.internal.instantiation.generator.AbstractClassGenerator::inspectType (560 bytes)


---------------  P R O C E S S  ---------------

Java Threads: ( => current thread )
  0x000000001f54d000 JavaThread "Cache worker for execution history cache (D:\Techouts\Training\React Native\ReactNativeProject\android\.gradle\6.9.1\executionHistory)" [_thread_blocked, id=7120, stack(0x000000002a970000,0x000000002aa70000)]
  0x000000001f550000 JavaThread "Execution worker for ':' Thread 7" [_thread_blocked, id=5628, stack(0x000000002a870000,0x000000002a970000)]
  0x0000000018fa3000 JavaThread "Execution worker for ':' Thread 6" [_thread_blocked, id=2064, stack(0x000000002a770000,0x000000002a870000)]
  0x0000000018fa2800 JavaThread "Execution worker for ':' Thread 5" [_thread_blocked, id=1416, stack(0x000000002a670000,0x000000002a770000)]
  0x0000000018fa5000 JavaThread "Execution worker for ':' Thread 4" [_thread_in_native, id=11136, stack(0x000000002a570000,0x000000002a670000)]
  0x0000000018fa1800 JavaThread "Execution worker for ':' Thread 3" [_thread_blocked, id=4368, stack(0x000000002a470000,0x000000002a570000)]
  0x0000000018fa5800 JavaThread "Execution worker for ':' Thread 2" [_thread_blocked, id=6372, stack(0x000000002a370000,0x000000002a470000)]
  0x0000000018fa4000 JavaThread "Execution worker for ':'" [_thread_blocked, id=11316, stack(0x000000002a270000,0x000000002a370000)]
  0x0000000018f9a000 JavaThread "build event listener" [_thread_blocked, id=9988, stack(0x000000002a170000,0x000000002a270000)]
  0x0000000018fa1000 JavaThread "pool-3-thread-1" [_thread_blocked, id=12480, stack(0x000000002a070000,0x000000002a170000)]
  0x0000000018fa0000 JavaThread "Memory manager" [_thread_blocked, id=8456, stack(0x0000000027b60000,0x0000000027c60000)]
  0x0000000018f97800 JavaThread "jar transforms Thread 97" [_thread_blocked, id=10316, stack(0x0000000027260000,0x0000000027360000)]
  0x0000000018f9d000 JavaThread "jar transforms Thread 96" [_thread_blocked, id=9332, stack(0x0000000027160000,0x0000000027260000)]
  0x0000000018f9e800 JavaThread "jar transforms Thread 95" [_thread_blocked, id=1240, stack(0x0000000027060000,0x0000000027160000)]
  0x0000000018f9b800 JavaThread "jar transforms Thread 94" [_thread_blocked, id=7540, stack(0x0000000026f60000,0x0000000027060000)]
  0x0000000018f9d800 JavaThread "jar transforms Thread 93" [_thread_blocked, id=7544, stack(0x0000000026e60000,0x0000000026f60000)]
  0x0000000018f9c000 JavaThread "jar transforms Thread 92" [_thread_blocked, id=7004, stack(0x0000000026d60000,0x0000000026e60000)]
  0x0000000018f9a800 JavaThread "jar transforms Thread 91" [_thread_blocked, id=11220, stack(0x0000000026c60000,0x0000000026d60000)]
  0x0000000018f96800 JavaThread "jar transforms Thread 90" [_thread_blocked, id=9388, stack(0x0000000026b60000,0x0000000026c60000)]
  0x000000001d861000 JavaThread "jar transforms Thread 89" [_thread_blocked, id=8316, stack(0x0000000026a60000,0x0000000026b60000)]
  0x000000001d85f000 JavaThread "jar transforms Thread 88" [_thread_blocked, id=6988, stack(0x0000000026960000,0x0000000026a60000)]
  0x000000001d85e000 JavaThread "jar transforms Thread 87" [_thread_blocked, id=2120, stack(0x0000000026860000,0x0000000026960000)]
  0x000000001d85d800 JavaThread "jar transforms Thread 86" [_thread_blocked, id=4300, stack(0x0000000026760000,0x0000000026860000)]
  0x000000001d85b000 JavaThread "jar transforms Thread 85" [_thread_blocked, id=7948, stack(0x0000000026660000,0x0000000026760000)]
  0x000000001d860800 JavaThread "jar transforms Thread 84" [_thread_blocked, id=7952, stack(0x0000000026560000,0x0000000026660000)]
  0x000000001d85a000 JavaThread "jar transforms Thread 83" [_thread_blocked, id=7956, stack(0x0000000026460000,0x0000000026560000)]
  0x000000001d85c800 JavaThread "jar transforms Thread 82" [_thread_blocked, id=4804, stack(0x0000000026360000,0x0000000026460000)]
  0x000000001d85f800 JavaThread "jar transforms Thread 81" [_thread_blocked, id=3000, stack(0x0000000026260000,0x0000000026360000)]
  0x000000001d85b800 JavaThread "jar transforms Thread 80" [_thread_blocked, id=7844, stack(0x0000000026160000,0x0000000026260000)]
  0x000000001d852800 JavaThread "jar transforms Thread 79" [_thread_blocked, id=2520, stack(0x0000000026060000,0x0000000026160000)]
  0x000000001d855800 JavaThread "jar transforms Thread 78" [_thread_blocked, id=10148, stack(0x0000000025f60000,0x0000000026060000)]
  0x000000001d854800 JavaThread "jar transforms Thread 77" [_thread_blocked, id=7400, stack(0x0000000025e60000,0x0000000025f60000)]
  0x000000001d854000 JavaThread "jar transforms Thread 76" [_thread_blocked, id=9304, stack(0x0000000025d60000,0x0000000025e60000)]
  0x000000001d853000 JavaThread "jar transforms Thread 75" [_thread_blocked, id=3240, stack(0x0000000025c60000,0x0000000025d60000)]
  0x000000001d859800 JavaThread "jar transforms Thread 74" [_thread_blocked, id=1952, stack(0x0000000025b60000,0x0000000025c60000)]
  0x000000001d858800 JavaThread "jar transforms Thread 73" [_thread_blocked, id=12608, stack(0x0000000025a60000,0x0000000025b60000)]
  0x000000001d857000 JavaThread "jar transforms Thread 72" [_thread_blocked, id=8348, stack(0x0000000025960000,0x0000000025a60000)]
  0x000000001d858000 JavaThread "jar transforms Thread 71" [_thread_blocked, id=7832, stack(0x0000000025860000,0x0000000025960000)]
  0x000000001d856000 JavaThread "jar transforms Thread 70" [_thread_blocked, id=8312, stack(0x0000000025760000,0x0000000025860000)]
  0x000000001b671800 JavaThread "jar transforms Thread 69" [_thread_blocked, id=88, stack(0x0000000025660000,0x0000000025760000)]
  0x000000001b670000 JavaThread "jar transforms Thread 68" [_thread_blocked, id=7060, stack(0x0000000025560000,0x0000000025660000)]
  0x000000001b676800 JavaThread "jar transforms Thread 67" [_thread_blocked, id=6948, stack(0x0000000025460000,0x0000000025560000)]
  0x000000001b674800 JavaThread "jar transforms Thread 66" [_thread_blocked, id=3212, stack(0x0000000025360000,0x0000000025460000)]
  0x000000001b672800 JavaThread "jar transforms Thread 65" [_thread_blocked, id=648, stack(0x0000000025160000,0x0000000025260000)]
  0x000000001b674000 JavaThread "jar transforms Thread 64" [_thread_blocked, id=8952, stack(0x0000000025060000,0x0000000025160000)]
  0x000000001b675800 JavaThread "jar transforms Thread 63" [_thread_blocked, id=3292, stack(0x0000000024f60000,0x0000000025060000)]
  0x000000001b671000 JavaThread "jar transforms Thread 62" [_thread_blocked, id=4820, stack(0x0000000024e60000,0x0000000024f60000)]
  0x000000001b673000 JavaThread "jar transforms Thread 61" [_thread_blocked, id=12540, stack(0x0000000024d60000,0x0000000024e60000)]
  0x000000001b668000 JavaThread "jar transforms Thread 60" [_thread_blocked, id=12748, stack(0x0000000024c60000,0x0000000024d60000)]
  0x000000001b66f000 JavaThread "jar transforms Thread 59" [_thread_blocked, id=1824, stack(0x0000000024b60000,0x0000000024c60000)]
  0x000000001b66b800 JavaThread "jar transforms Thread 58" [_thread_blocked, id=1804, stack(0x0000000024a60000,0x0000000024b60000)]
  0x000000001b66d800 JavaThread "jar transforms Thread 57" [_thread_blocked, id=1100, stack(0x0000000024960000,0x0000000024a60000)]
  0x000000001b66d000 JavaThread "jar transforms Thread 56" [_thread_blocked, id=1296, stack(0x0000000024860000,0x0000000024960000)]
  0x000000001b669000 JavaThread "jar transforms Thread 55" [_thread_blocked, id=3944, stack(0x0000000024760000,0x0000000024860000)]
  0x000000001b66e800 JavaThread "jar transforms Thread 54" [_thread_blocked, id=11132, stack(0x0000000024660000,0x0000000024760000)]
  0x000000001b66a800 JavaThread "jar transforms Thread 53" [_thread_blocked, id=3864, stack(0x0000000024560000,0x0000000024660000)]
  0x000000001b66c000 JavaThread "jar transforms Thread 52" [_thread_blocked, id=7440, stack(0x0000000024460000,0x0000000024560000)]
  0x000000001b669800 JavaThread "jar transforms Thread 51" [_thread_blocked, id=7092, stack(0x0000000024360000,0x0000000024460000)]
  0x000000001b667800 JavaThread "jar transforms Thread 50" [_thread_blocked, id=11568, stack(0x0000000024260000,0x0000000024360000)]
  0x000000001b8d7800 JavaThread "jar transforms Thread 49" [_thread_blocked, id=9904, stack(0x0000000024160000,0x0000000024260000)]
  0x000000001b8da800 JavaThread "jar transforms Thread 48" [_thread_blocked, id=1152, stack(0x0000000024060000,0x0000000024160000)]
  0x000000001b8da000 JavaThread "jar transforms Thread 47" [_thread_blocked, id=3852, stack(0x0000000023f60000,0x0000000024060000)]
  0x000000001b8d6800 JavaThread "jar transforms Thread 46" [_thread_blocked, id=4308, stack(0x0000000023e60000,0x0000000023f60000)]
  0x000000001b8d9000 JavaThread "jar transforms Thread 45" [_thread_blocked, id=6180, stack(0x0000000023d60000,0x0000000023e60000)]
  0x000000001b8dc000 JavaThread "jar transforms Thread 44" [_thread_blocked, id=1284, stack(0x0000000023c60000,0x0000000023d60000)]
  0x000000001b8db800 JavaThread "jar transforms Thread 43" [_thread_blocked, id=6344, stack(0x0000000023b60000,0x0000000023c60000)]
  0x000000001b8d8800 JavaThread "jar transforms Thread 42" [_thread_blocked, id=6328, stack(0x0000000023a60000,0x0000000023b60000)]
  0x000000001b8dd000 JavaThread "jar transforms Thread 41" [_thread_blocked, id=7708, stack(0x0000000023960000,0x0000000023a60000)]
  0x000000001b8cf000 JavaThread "jar transforms Thread 40" [_thread_blocked, id=12908, stack(0x0000000023860000,0x0000000023960000)]
  0x000000001b8d6000 JavaThread "jar transforms Thread 39" [_thread_blocked, id=2960, stack(0x0000000023760000,0x0000000023860000)]
  0x000000001b8d2000 JavaThread "jar transforms Thread 38" [_thread_blocked, id=3648, stack(0x0000000023660000,0x0000000023760000)]
  0x000000001b8d1000 JavaThread "jar transforms Thread 37" [_thread_blocked, id=2560, stack(0x0000000023560000,0x0000000023660000)]
  0x000000001b8ce000 JavaThread "jar transforms Thread 36" [_thread_blocked, id=936, stack(0x0000000023460000,0x0000000023560000)]
  0x000000001b8d5000 JavaThread "jar transforms Thread 35" [_thread_blocked, id=7132, stack(0x0000000023360000,0x0000000023460000)]
  0x000000001b8d4800 JavaThread "jar transforms Thread 34" [_thread_blocked, id=1168, stack(0x0000000023260000,0x0000000023360000)]
  0x000000001b8d0800 JavaThread "jar transforms Thread 33" [_thread_blocked, id=6448, stack(0x0000000023160000,0x0000000023260000)]
  0x000000001b8d3000 JavaThread "jar transforms Thread 32" [_thread_blocked, id=13000, stack(0x0000000023060000,0x0000000023160000)]
  0x000000001b8cf800 JavaThread "jar transforms Thread 31" [_thread_blocked, id=3384, stack(0x0000000022f60000,0x0000000023060000)]
  0x000000001b8d3800 JavaThread "jar transforms Thread 30" [_thread_blocked, id=12336, stack(0x0000000022e60000,0x0000000022f60000)]
  0x0000000018d78800 JavaThread "jar transforms Thread 29" [_thread_blocked, id=10596, stack(0x0000000022d60000,0x0000000022e60000)]
  0x0000000018d77800 JavaThread "jar transforms Thread 28" [_thread_blocked, id=12616, stack(0x0000000022c60000,0x0000000022d60000)]
  0x0000000018d75800 JavaThread "jar transforms Thread 27" [_thread_blocked, id=12180, stack(0x0000000022b60000,0x0000000022c60000)]
  0x0000000018d74800 JavaThread "jar transforms Thread 26" [_thread_blocked, id=8492, stack(0x0000000022a60000,0x0000000022b60000)]
  0x0000000018d77000 JavaThread "jar transforms Thread 25" [_thread_blocked, id=6316, stack(0x0000000022960000,0x0000000022a60000)]
  0x0000000018d73800 JavaThread "jar transforms Thread 24" [_thread_blocked, id=6228, stack(0x0000000022860000,0x0000000022960000)]
  0x0000000018d76000 JavaThread "jar transforms Thread 23" [_thread_blocked, id=636, stack(0x0000000022760000,0x0000000022860000)]
  0x0000000018d79000 JavaThread "jar transforms Thread 22" [_thread_blocked, id=6140, stack(0x0000000022660000,0x0000000022760000)]
  0x0000000018d6c000 JavaThread "jar transforms Thread 21" [_thread_blocked, id=11212, stack(0x0000000022560000,0x0000000022660000)]
  0x0000000018d6f000 JavaThread "jar transforms Thread 20" [_thread_blocked, id=3884, stack(0x0000000022460000,0x0000000022560000)]
  0x0000000018d73000 JavaThread "jar transforms Thread 19" [_thread_blocked, id=12872, stack(0x0000000022360000,0x0000000022460000)]
  0x0000000018d6e000 JavaThread "jar transforms Thread 18" [_thread_blocked, id=5124, stack(0x0000000022260000,0x0000000022360000)]
  0x0000000018d6c800 JavaThread "jar transforms Thread 17" [_thread_blocked, id=1292, stack(0x0000000022160000,0x0000000022260000)]
  0x0000000018d6d800 JavaThread "jar transforms Thread 16" [_thread_blocked, id=3748, stack(0x0000000022060000,0x0000000022160000)]
  0x0000000018d71800 JavaThread "jar transforms Thread 15" [_thread_blocked, id=13284, stack(0x0000000021f60000,0x0000000022060000)]
  0x0000000018d72000 JavaThread "jar transforms Thread 14" [_thread_blocked, id=8656, stack(0x0000000021e60000,0x0000000021f60000)]
  0x0000000018d70800 JavaThread "jar transforms Thread 13" [_thread_blocked, id=11576, stack(0x0000000021d60000,0x0000000021e60000)]
  0x0000000018d6a800 JavaThread "jar transforms Thread 12" [_thread_blocked, id=10048, stack(0x0000000021c60000,0x0000000021d60000)]
  0x0000000018d6b000 JavaThread "jar transforms Thread 11" [_thread_blocked, id=11972, stack(0x0000000021b60000,0x0000000021c60000)]
  0x0000000018d70000 JavaThread "jar transforms Thread 10" [_thread_blocked, id=10004, stack(0x0000000021a60000,0x0000000021b60000)]
  0x000000001712b000 JavaThread "jar transforms Thread 9" [_thread_blocked, id=2564, stack(0x0000000021960000,0x0000000021a60000)]
  0x000000001712b800 JavaThread "jar transforms Thread 8" [_thread_blocked, id=3928, stack(0x0000000021860000,0x0000000021960000)]
  0x0000000017129800 JavaThread "jar transforms Thread 7" [_thread_blocked, id=10116, stack(0x0000000021760000,0x0000000021860000)]
  0x0000000017127000 JavaThread "jar transforms Thread 6" [_thread_blocked, id=6880, stack(0x0000000021660000,0x0000000021760000)]
  0x0000000017126000 JavaThread "jar transforms Thread 5" [_thread_blocked, id=3536, stack(0x0000000021560000,0x0000000021660000)]
  0x000000001712a000 JavaThread "jar transforms Thread 4" [_thread_blocked, id=264, stack(0x0000000021460000,0x0000000021560000)]
  0x0000000017128800 JavaThread "jar transforms Thread 3" [_thread_blocked, id=12852, stack(0x0000000021360000,0x0000000021460000)]
  0x000000001712c800 JavaThread "jar transforms Thread 2" [_thread_blocked, id=9680, stack(0x0000000021260000,0x0000000021360000)]
  0x0000000017127800 JavaThread "Build operations Thread 8" [_thread_blocked, id=8732, stack(0x0000000021160000,0x0000000021260000)]
  0x000000001711e800 JavaThread "Build operations Thread 7" [_thread_blocked, id=8408, stack(0x0000000021060000,0x0000000021160000)]
  0x0000000017125800 JavaThread "Build operations Thread 6" [_thread_blocked, id=13268, stack(0x0000000020f60000,0x0000000021060000)]
  0x0000000017124800 JavaThread "Build operations Thread 5" [_thread_blocked, id=8708, stack(0x0000000020e60000,0x0000000020f60000)]
  0x0000000017124000 JavaThread "Build operations Thread 4" [_thread_blocked, id=13196, stack(0x0000000020d60000,0x0000000020e60000)]
  0x0000000017123000 JavaThread "Build operations Thread 3" [_thread_blocked, id=12584, stack(0x0000000020c60000,0x0000000020d60000)]
  0x0000000017120800 JavaThread "Build operations Thread 2" [_thread_blocked, id=12044, stack(0x0000000020b60000,0x0000000020c60000)]
  0x000000001711d800 JavaThread "Build operations" [_thread_blocked, id=10800, stack(0x0000000020a60000,0x0000000020b60000)]
  0x0000000017122000 JavaThread "Cache worker for Build Output Cleanup Cache (D:\Techouts\Training\React Native\ReactNativeProject\android\.gradle\buildOutputCleanup)" [_thread_blocked, id=2864, stack(0x0000000020760000,0x0000000020860000)]
  0x000000001711f000 JavaThread "Cache worker for file content cache (C:\Users\d1\.gradle\caches\6.9.1\fileContent)" [_thread_blocked, id=2780, stack(0x0000000020060000,0x0000000020160000)]
  0x0000000018823000 JavaThread "jar transforms" [_thread_blocked, id=11964, stack(0x000000001ef00000,0x000000001f000000)]
  0x0000000018822000 JavaThread "Cache worker for execution history cache (C:\Users\d1\.gradle\caches\6.9.1\executionHistory)" [_thread_blocked, id=8696, stack(0x000000001e800000,0x000000001e900000)]
  0x0000000018821000 JavaThread "Cache worker for cache directory md-rule (C:\Users\d1\.gradle\caches\6.9.1\md-rule)" [_thread_blocked, id=8792, stack(0x000000001c760000,0x000000001c860000)]
  0x0000000018820800 JavaThread "Cache worker for cache directory md-supplier (C:\Users\d1\.gradle\caches\6.9.1\md-supplier)" [_thread_blocked, id=5468, stack(0x000000001c460000,0x000000001c560000)]
  0x0000000018824800 JavaThread "Cache worker for checksums cache (D:\Techouts\Training\React Native\ReactNativeProject\android\.gradle\checksums)" [_thread_blocked, id=11404, stack(0x000000001c360000,0x000000001c460000)]
  0x000000001881f000 JavaThread "Cache worker for file hash cache (D:\Techouts\Training\React Native\ReactNativeProject\android\.gradle\6.9.1\fileHashes)" [_thread_blocked, id=12652, stack(0x000000001c260000,0x000000001c360000)]
  0x000000001881f800 JavaThread "Cache worker for journal cache (C:\Users\d1\.gradle\caches\journal-1)" [_thread_blocked, id=3588, stack(0x000000001bd60000,0x000000001be60000)]
  0x000000001881e000 JavaThread "File lock request listener" [_thread_in_native, id=6444, stack(0x000000001ac90000,0x000000001ad90000)]
  0x0000000018823800 JavaThread "Cache worker for file hash cache (C:\Users\d1\.gradle\caches\6.9.1\fileHashes)" [_thread_blocked, id=2312, stack(0x000000001ab90000,0x000000001ac90000)]
  0x000000001881d800 JavaThread "Daemon client event forwarder" [_thread_blocked, id=2632, stack(0x000000001a890000,0x000000001a990000)]
  0x0000000018828000 JavaThread "Stdin handler" [_thread_blocked, id=6972, stack(0x000000001a790000,0x000000001a890000)]
  0x0000000018831000 JavaThread "Asynchronous log dispatcher for DefaultDaemonConnection: socket connection from /127.0.0.1:63965 to /127.0.0.1:63966" [_thread_blocked, id=8392, stack(0x000000001a590000,0x000000001a690000)]
  0x0000000018808000 JavaThread "Daemon worker" [_thread_blocked, id=1664, stack(0x000000001a490000,0x000000001a590000)]
  0x0000000018807800 JavaThread "Cancel handler" [_thread_blocked, id=8400, stack(0x000000001a390000,0x000000001a490000)]
  0x00000000187f7800 JavaThread "Handler for socket connection from /127.0.0.1:63965 to /127.0.0.1:63966" [_thread_in_native, id=1412, stack(0x000000001a090000,0x000000001a190000)]
  0x0000000018780800 JavaThread "Daemon" [_thread_blocked, id=10428, stack(0x0000000019f90000,0x000000001a090000)]
  0x000000001877d000 JavaThread "Daemon periodic checks" [_thread_blocked, id=8544, stack(0x0000000019e90000,0x0000000019f90000)]
  0x0000000018765800 JavaThread "Incoming local TCP Connector on port 63965" [_thread_in_native, id=12328, stack(0x0000000019c50000,0x0000000019d50000)]
  0x000000001870f000 JavaThread "Daemon health stats" [_thread_blocked, id=12816, stack(0x0000000019810000,0x0000000019910000)]
  0x0000000016039000 JavaThread "Service Thread" daemon [_thread_blocked, id=12516, stack(0x0000000016c70000,0x0000000016d70000)]
  0x0000000015fb7800 JavaThread "C1 CompilerThread3" daemon [_thread_blocked, id=12980, stack(0x0000000016b70000,0x0000000016c70000)]
  0x0000000015fab800 JavaThread "C2 CompilerThread2" daemon [_thread_blocked, id=4536, stack(0x0000000016a70000,0x0000000016b70000)]
=>0x0000000015fab000 JavaThread "C2 CompilerThread1" daemon [_thread_in_native, id=10892, stack(0x0000000016970000,0x0000000016a70000)]
  0x0000000015fa7000 JavaThread "C2 CompilerThread0" daemon [_thread_blocked, id=504, stack(0x0000000016870000,0x0000000016970000)]
  0x0000000015fa0000 JavaThread "Attach Listener" daemon [_thread_blocked, id=1356, stack(0x0000000016770000,0x0000000016870000)]
  0x0000000015f9f000 JavaThread "Signal Dispatcher" daemon [_thread_blocked, id=13168, stack(0x0000000016670000,0x0000000016770000)]
  0x0000000015f91800 JavaThread "Finalizer" daemon [_thread_blocked, id=9000, stack(0x0000000016470000,0x0000000016570000)]
  0x0000000015f90800 JavaThread "Reference Handler" daemon [_thread_blocked, id=6876, stack(0x0000000016370000,0x0000000016470000)]
  0x00000000028e3800 JavaThread "main" [_thread_blocked, id=12636, stack(0x00000000026e0000,0x00000000027e0000)]

Other Threads:
  0x0000000014197000 VMThread [stack: 0x0000000015e70000,0x0000000015f70000] [id=1576]
  0x0000000015fd6000 WatcherThread [stack: 0x0000000016d70000,0x0000000016e70000] [id=12580]

VM state:not at safepoint (normal execution)

VM Mutex/Monitor currently owned by a thread: None

heap address: 0x00000000e0000000, size: 512 MB, Compressed Oops mode: 32-bit
Narrow klass base: 0x0000000000000000, Narrow klass shift: 3
Compressed class space size: 1073741824 Address: 0x0000000100000000

Heap:
 PSYoungGen      total 155136K, used 132048K [0x00000000f5580000, 0x0000000100000000, 0x0000000100000000)
  eden space 135168K, 88% used [0x00000000f5580000,0x00000000fca5f838,0x00000000fd980000)
  from space 19968K, 61% used [0x00000000fec80000,0x00000000ff894a68,0x0000000100000000)
  to   space 19456K, 0% used [0x00000000fd980000,0x00000000fd980000,0x00000000fec80000)
 ParOldGen       total 306688K, used 36571K [0x00000000e0000000, 0x00000000f2b80000, 0x00000000f5580000)
  object space 306688K, 11% used [0x00000000e0000000,0x00000000e23b6d58,0x00000000f2b80000)
 Metaspace       used 69029K, capacity 72240K, committed 72320K, reserved 1112064K
  class space    used 9701K, capacity 10342K, committed 10368K, reserved 1048576K

Card table byte_map: [0x0000000011da0000,0x0000000011eb0000] byte_map_base: 0x00000000116a0000

Marking Bits: (ParMarkBitMap*) 0x0000000055a61440
 Begin Bits: [0x00000000126b0000, 0x0000000012eb0000)
 End Bits:   [0x0000000012eb0000, 0x00000000136b0000)

Polling page: 0x0000000000ea0000

CodeCache: size=245760Kb used=22003Kb max_used=22743Kb free=223756Kb
 bounds [0x00000000029e0000, 0x0000000004050000, 0x00000000119e0000]
 total_blobs=7129 nmethods=6318 adapters=722
 compilation: enabled

Compilation events (10 events):
Event: 34.210 Thread 0x0000000015fb7800 7065       3       com.google.common.collect.Interners$InternerImpl::intern (50 bytes)
Event: 34.211 Thread 0x0000000015fb7800 nmethod 7065 0x0000000002fd36d0 code [0x0000000002fd3940, 0x0000000002fd4878]
Event: 34.211 Thread 0x0000000015fb7800 7066       3       java.lang.Math::min (12 bytes)
Event: 34.211 Thread 0x0000000015fb7800 nmethod 7066 0x0000000003335d90 code [0x0000000003335ee0, 0x0000000003336070]
Event: 34.285 Thread 0x0000000015fb7800 7067       1       java.util.ArrayList$ArrayListSpliterator::characteristics (4 bytes)
Event: 34.285 Thread 0x0000000015fb7800 nmethod 7067 0x0000000003647950 code [0x0000000003647aa0, 0x0000000003647bb0]
Event: 34.289 Thread 0x0000000015fb7800 7068       3       java.lang.invoke.BoundMethodHandle::rebind (14 bytes)
Event: 34.289 Thread 0x0000000015fb7800 nmethod 7068 0x0000000003190750 code [0x0000000003190920, 0x0000000003191038]
Event: 34.289 Thread 0x0000000015fb7800 7069       3       java.lang.invoke.BoundMethodHandle::tooComplex (27 bytes)
Event: 34.290 Thread 0x0000000015fb7800 nmethod 7069 0x0000000002b94d10 code [0x0000000002b94e80, 0x0000000002b951c8]

GC Heap History (10 events):
Event: 21.457 GC heap before
{Heap before GC invocations=11 (full 2):
 PSYoungGen      total 111616K, used 106135K [0x00000000f5580000, 0x00000000fd400000, 0x0000000100000000)
  eden space 99840K, 100% used [0x00000000f5580000,0x00000000fb700000,0x00000000fb700000)
  from space 11776K, 53% used [0x00000000fc280000,0x00000000fc8a5c80,0x00000000fce00000)
  to   space 11776K, 0% used [0x00000000fb700000,0x00000000fb700000,0x00000000fc280000)
 ParOldGen       total 200704K, used 14467K [0x00000000e0000000, 0x00000000ec400000, 0x00000000f5580000)
  object space 200704K, 7% used [0x00000000e0000000,0x00000000e0e20dc0,0x00000000ec400000)
 Metaspace       used 42826K, capacity 44850K, committed 45056K, reserved 1087488K
  class space    used 5869K, capacity 6314K, committed 6400K, reserved 1048576K
Event: 21.466 GC heap after
Heap after GC invocations=11 (full 2):
 PSYoungGen      total 111616K, used 10461K [0x00000000f5580000, 0x00000000fe280000, 0x0000000100000000)
  eden space 99840K, 0% used [0x00000000f5580000,0x00000000f5580000,0x00000000fb700000)
  from space 11776K, 88% used [0x00000000fb700000,0x00000000fc137788,0x00000000fc280000)
  to   space 12288K, 0% used [0x00000000fd680000,0x00000000fd680000,0x00000000fe280000)
 ParOldGen       total 200704K, used 14475K [0x00000000e0000000, 0x00000000ec400000, 0x00000000f5580000)
  object space 200704K, 7% used [0x00000000e0000000,0x00000000e0e22dc0,0x00000000ec400000)
 Metaspace       used 42826K, capacity 44850K, committed 45056K, reserved 1087488K
  class space    used 5869K, capacity 6314K, committed 6400K, reserved 1048576K
}
Event: 23.517 GC heap before
{Heap before GC invocations=12 (full 2):
 PSYoungGen      total 111616K, used 110301K [0x00000000f5580000, 0x00000000fe280000, 0x0000000100000000)
  eden space 99840K, 100% used [0x00000000f5580000,0x00000000fb700000,0x00000000fb700000)
  from space 11776K, 88% used [0x00000000fb700000,0x00000000fc137788,0x00000000fc280000)
  to   space 12288K, 0% used [0x00000000fd680000,0x00000000fd680000,0x00000000fe280000)
 ParOldGen       total 200704K, used 14475K [0x00000000e0000000, 0x00000000ec400000, 0x00000000f5580000)
  object space 200704K, 7% used [0x00000000e0000000,0x00000000e0e22dc0,0x00000000ec400000)
 Metaspace       used 51748K, capacity 54008K, committed 54144K, reserved 1095680K
  class space    used 7046K, capacity 7532K, committed 7552K, reserved 1048576K
Event: 23.528 GC heap after
Heap after GC invocations=12 (full 2):
 PSYoungGen      total 129024K, used 12286K [0x00000000f5580000, 0x00000000fe900000, 0x0000000100000000)
  eden space 116736K, 0% used [0x00000000f5580000,0x00000000f5580000,0x00000000fc780000)
  from space 12288K, 99% used [0x00000000fd680000,0x00000000fe27f968,0x00000000fe280000)
  to   space 15360K, 0% used [0x00000000fc780000,0x00000000fc780000,0x00000000fd680000)
 ParOldGen       total 200704K, used 20270K [0x00000000e0000000, 0x00000000ec400000, 0x00000000f5580000)
  object space 200704K, 10% used [0x00000000e0000000,0x00000000e13cba18,0x00000000ec400000)
 Metaspace       used 51748K, capacity 54008K, committed 54144K, reserved 1095680K
  class space    used 7046K, capacity 7532K, committed 7552K, reserved 1048576K
}
Event: 27.153 GC heap before
{Heap before GC invocations=13 (full 2):
 PSYoungGen      total 129024K, used 115919K [0x00000000f5580000, 0x00000000fe900000, 0x0000000100000000)
  eden space 116736K, 88% used [0x00000000f5580000,0x00000000fbab42e8,0x00000000fc780000)
  from space 12288K, 99% used [0x00000000fd680000,0x00000000fe27f968,0x00000000fe280000)
  to   space 15360K, 0% used [0x00000000fc780000,0x00000000fc780000,0x00000000fd680000)
 ParOldGen       total 200704K, used 20270K [0x00000000e0000000, 0x00000000ec400000, 0x00000000f5580000)
  object space 200704K, 10% used [0x00000000e0000000,0x00000000e13cba18,0x00000000ec400000)
 Metaspace       used 56468K, capacity 59008K, committed 59136K, reserved 1099776K
  class space    used 7819K, capacity 8388K, committed 8448K, reserved 1048576K
Event: 27.165 GC heap after
Heap after GC invocations=13 (full 2):
 PSYoungGen      total 132096K, used 15348K [0x00000000f5580000, 0x0000000100000000, 0x0000000100000000)
  eden space 116736K, 0% used [0x00000000f5580000,0x00000000f5580000,0x00000000fc780000)
  from space 15360K, 99% used [0x00000000fc780000,0x00000000fd67d350,0x00000000fd680000)
  to   space 19968K, 0% used [0x00000000fec80000,0x00000000fec80000,0x0000000100000000)
 ParOldGen       total 200704K, used 27552K [0x00000000e0000000, 0x00000000ec400000, 0x00000000f5580000)
  object space 200704K, 13% used [0x00000000e0000000,0x00000000e1ae8290,0x00000000ec400000)
 Metaspace       used 56468K, capacity 59008K, committed 59136K, reserved 1099776K
  class space    used 7819K, capacity 8388K, committed 8448K, reserved 1048576K
}
Event: 27.166 GC heap before
{Heap before GC invocations=14 (full 3):
 PSYoungGen      total 132096K, used 15348K [0x00000000f5580000, 0x0000000100000000, 0x0000000100000000)
  eden space 116736K, 0% used [0x00000000f5580000,0x00000000f5580000,0x00000000fc780000)
  from space 15360K, 99% used [0x00000000fc780000,0x00000000fd67d350,0x00000000fd680000)
  to   space 19968K, 0% used [0x00000000fec80000,0x00000000fec80000,0x0000000100000000)
 ParOldGen       total 200704K, used 27552K [0x00000000e0000000, 0x00000000ec400000, 0x00000000f5580000)
  object space 200704K, 13% used [0x00000000e0000000,0x00000000e1ae8290,0x00000000ec400000)
 Metaspace       used 56468K, capacity 59008K, committed 59136K, reserved 1099776K
  class space    used 7819K, capacity 8388K, committed 8448K, reserved 1048576K
Event: 27.328 GC heap after
Heap after GC invocations=14 (full 3):
 PSYoungGen      total 132096K, used 0K [0x00000000f5580000, 0x0000000100000000, 0x0000000100000000)
  eden space 116736K, 0% used [0x00000000f5580000,0x00000000f5580000,0x00000000fc780000)
  from space 15360K, 0% used [0x00000000fc780000,0x00000000fc780000,0x00000000fd680000)
  to   space 19968K, 0% used [0x00000000fec80000,0x00000000fec80000,0x0000000100000000)
 ParOldGen       total 306688K, used 36499K [0x00000000e0000000, 0x00000000f2b80000, 0x00000000f5580000)
  object space 306688K, 11% used [0x00000000e0000000,0x00000000e23a4d48,0x00000000f2b80000)
 Metaspace       used 56400K, capacity 58780K, committed 59136K, reserved 1099776K
  class space    used 7798K, capacity 8350K, committed 8448K, reserved 1048576K
}
Event: 29.026 GC heap before
{Heap before GC invocations=15 (full 3):
 PSYoungGen      total 132096K, used 116736K [0x00000000f5580000, 0x0000000100000000, 0x0000000100000000)
  eden space 116736K, 100% used [0x00000000f5580000,0x00000000fc780000,0x00000000fc780000)
  from space 15360K, 0% used [0x00000000fc780000,0x00000000fc780000,0x00000000fd680000)
  to   space 19968K, 0% used [0x00000000fec80000,0x00000000fec80000,0x0000000100000000)
 ParOldGen       total 306688K, used 36499K [0x00000000e0000000, 0x00000000f2b80000, 0x00000000f5580000)
  object space 306688K, 11% used [0x00000000e0000000,0x00000000e23a4d48,0x00000000f2b80000)
 Metaspace       used 63961K, capacity 66760K, committed 66944K, reserved 1105920K
  class space    used 9004K, capacity 9592K, committed 9600K, reserved 1048576K
Event: 29.035 GC heap after
Heap after GC invocations=15 (full 3):
 PSYoungGen      total 155136K, used 12370K [0x00000000f5580000, 0x0000000100000000, 0x0000000100000000)
  eden space 135168K, 0% used [0x00000000f5580000,0x00000000f5580000,0x00000000fd980000)
  from space 19968K, 61% used [0x00000000fec80000,0x00000000ff894a68,0x0000000100000000)
  to   space 19456K, 0% used [0x00000000fd980000,0x00000000fd980000,0x00000000fec80000)
 ParOldGen       total 306688K, used 36571K [0x00000000e0000000, 0x00000000f2b80000, 0x00000000f5580000)
  object space 306688K, 11% used [0x00000000e0000000,0x00000000e23b6d58,0x00000000f2b80000)
 Metaspace       used 63961K, capacity 66760K, committed 66944K, reserved 1105920K
  class space    used 9004K, capacity 9592K, committed 9600K, reserved 1048576K
}

Deoptimization events (10 events):
Event: 33.373 Thread 0x0000000018808000 Uncommon trap: reason=speculate_class_check action=maybe_recompile pc=0x0000000002f213e8 method=com.google.common.collect.AbstractIndexedListIterator.next()Ljava/lang/Object; @ 27
Event: 33.373 Thread 0x0000000018808000 Uncommon trap: reason=speculate_class_check action=maybe_recompile pc=0x0000000002f213e8 method=com.google.common.collect.AbstractIndexedListIterator.next()Ljava/lang/Object; @ 27
Event: 33.373 Thread 0x0000000018808000 Uncommon trap: reason=speculate_class_check action=maybe_recompile pc=0x0000000002f213e8 method=com.google.common.collect.AbstractIndexedListIterator.next()Ljava/lang/Object; @ 27
Event: 33.457 Thread 0x0000000018808000 Uncommon trap: reason=unstable_if action=reinterpret pc=0x0000000003930b10 method=java.lang.Class.arrayContentsEq([Ljava/lang/Object;[Ljava/lang/Object;)Z @ 1
Event: 33.459 Thread 0x0000000018808000 Uncommon trap: reason=unstable_if action=reinterpret pc=0x0000000002e192e8 method=java.util.concurrent.ConcurrentHashMap.putVal(Ljava/lang/Object;Ljava/lang/Object;Z)Ljava/lang/Object; @ 206
Event: 34.183 Thread 0x000000001f54d000 Uncommon trap: reason=bimorphic action=maybe_recompile pc=0x0000000003740a58 method=java.util.Arrays.binarySearch0([Ljava/lang/Object;IILjava/lang/Object;Ljava/util/Comparator;)I @ 48
Event: 34.183 Thread 0x000000001f54d000 Uncommon trap: reason=bimorphic action=maybe_recompile pc=0x0000000003740a58 method=java.util.Arrays.binarySearch0([Ljava/lang/Object;IILjava/lang/Object;Ljava/util/Comparator;)I @ 48
Event: 34.183 Thread 0x000000001f54d000 Uncommon trap: reason=bimorphic action=maybe_recompile pc=0x0000000003740a58 method=java.util.Arrays.binarySearch0([Ljava/lang/Object;IILjava/lang/Object;Ljava/util/Comparator;)I @ 48
Event: 34.183 Thread 0x000000001f54d000 Uncommon trap: reason=bimorphic action=maybe_recompile pc=0x0000000003740a58 method=java.util.Arrays.binarySearch0([Ljava/lang/Object;IILjava/lang/Object;Ljava/util/Comparator;)I @ 48
Event: 34.205 Thread 0x0000000018fa5000 Uncommon trap: reason=unstable_if action=reinterpret pc=0x0000000003ef598c method=com.sun.org.apache.xerces.internal.impl.XMLEntityScanner.skipSpaces()Z @ 72

Classes redefined (0 events):
No events

Internal exceptions (10 events):
Event: 33.457 Thread 0x0000000018808000 Implicit null exception at 0x0000000003930a8c to 0x0000000003930afd
Event: 33.460 Thread 0x0000000018808000 Exception <a 'java/lang/NoSuchMethodError': <clinit>> (0x00000000faea4828) thrown at [C:\tmp\build-8-cpu\jdk8u\hotspot\src\share\vm\prims\jni.cpp, line 1616]
Event: 33.464 Thread 0x0000000018808000 Exception <a 'java/lang/NoSuchMethodError': <clinit>> (0x00000000faee7488) thrown at [C:\tmp\build-8-cpu\jdk8u\hotspot\src\share\vm\prims\jni.cpp, line 1616]
Event: 33.543 Thread 0x0000000018808000 Exception <a 'sun/nio/fs/WindowsException'> (0x00000000fb2188b8) thrown at [C:\tmp\build-8-cpu\jdk8u\hotspot\src\share\vm\prims\jni.cpp, line 711]
Event: 33.805 Thread 0x0000000018fa5000 Exception <a 'java/lang/ClassNotFoundException': groovy/util/FileTreeBuilderBeanInfo> (0x00000000fbd1c990) thrown at [C:\tmp\build-8-cpu\jdk8u\hotspot\src\share\vm\classfile\systemDictionary.cpp, line 217]
Event: 33.806 Thread 0x0000000018fa5000 Exception <a 'java/lang/ClassNotFoundException': groovy/util/FileTreeBuilderCustomizer> (0x00000000fbd44a48) thrown at [C:\tmp\build-8-cpu\jdk8u\hotspot\src\share\vm\classfile\systemDictionary.cpp, line 217]
Event: 33.832 Thread 0x0000000018fa5000 Exception <a 'java/lang/ClassNotFoundException': java/io/BufferedWriterBeanInfo> (0x00000000fbda3e48) thrown at [C:\tmp\build-8-cpu\jdk8u\hotspot\src\share\vm\classfile\systemDictionary.cpp, line 217]
Event: 33.832 Thread 0x0000000018fa5000 Exception <a 'java/lang/ClassNotFoundException': java/io/WriterBeanInfo> (0x00000000fbda8158) thrown at [C:\tmp\build-8-cpu\jdk8u\hotspot\src\share\vm\classfile\systemDictionary.cpp, line 217]
Event: 33.832 Thread 0x0000000018fa5000 Exception <a 'java/lang/ClassNotFoundException': java/io/WriterCustomizer> (0x00000000fbdac500) thrown at [C:\tmp\build-8-cpu\jdk8u\hotspot\src\share\vm\classfile\systemDictionary.cpp, line 217]
Event: 33.833 Thread 0x0000000018fa5000 Exception <a 'java/lang/ClassNotFoundException': java/io/BufferedWriterCustomizer> (0x00000000fbdb8520) thrown at [C:\tmp\build-8-cpu\jdk8u\hotspot\src\share\vm\classfile\systemDictionary.cpp, line 217]

Events (10 events):
Event: 34.292 loading class org/gradle/internal/execution/history/changes/ImplementationChanges
Event: 34.292 loading class org/gradle/internal/execution/history/changes/ImplementationChanges done
Event: 34.293 loading class org/gradle/internal/execution/history/changes/PropertyChanges
Event: 34.293 loading class org/gradle/internal/execution/history/changes/PropertyChanges done
Event: 34.293 loading class org/gradle/internal/execution/history/changes/InputValueChanges
Event: 34.293 loading class org/gradle/internal/execution/history/changes/InputValueChanges done
Event: 34.293 loading class org/gradle/internal/execution/history/changes/DefaultInputFileChanges
Event: 34.293 loading class org/gradle/internal/execution/history/changes/DefaultInputFileChanges done
Event: 34.294 loading class org/gradle/internal/execution/history/changes/AbstractFingerprintChanges
Event: 34.294 loading class org/gradle/internal/execution/history/changes/AbstractFingerprintChanges done


Dynamic libraries:
0x00007ff76d5a0000 - 0x00007ff76d5d5000 	C:\Program Files\OpenJDK\openjdk-8u302-b08\bin\java.exe
0x00007ffb9c1c0000 - 0x00007ffb9c3ad000 	C:\WINDOWS\SYSTEM32\ntdll.dll
0x00007ffb9bb50000 - 0x00007ffb9bc03000 	C:\WINDOWS\System32\KERNEL32.DLL
0x00007ffb98d40000 - 0x00007ffb98fd5000 	C:\WINDOWS\System32\KERNELBASE.dll
0x00007ffb9b6b0000 - 0x00007ffb9b753000 	C:\WINDOWS\System32\ADVAPI32.dll
0x00007ffb9c090000 - 0x00007ffb9c12e000 	C:\WINDOWS\System32\msvcrt.dll
0x00007ffb9b5b0000 - 0x00007ffb9b64e000 	C:\WINDOWS\System32\sechost.dll
0x00007ffb9b3d0000 - 0x00007ffb9b4f2000 	C:\WINDOWS\System32\RPCRT4.dll
0x00007ffb9b9b0000 - 0x00007ffb9bb47000 	C:\WINDOWS\System32\USER32.dll
0x00007ffb98fe0000 - 0x00007ffb99000000 	C:\WINDOWS\System32\win32u.dll
0x00007ffb9b680000 - 0x00007ffb9b6a9000 	C:\WINDOWS\System32\GDI32.dll
0x00007ffb98b80000 - 0x00007ffb98d1c000 	C:\WINDOWS\System32\gdi32full.dll
0x00007ffb99240000 - 0x00007ffb992e0000 	C:\WINDOWS\System32\msvcp_win.dll
0x00007ffb98320000 - 0x00007ffb9841a000 	C:\WINDOWS\System32\ucrtbase.dll
0x00007ffb8e9e0000 - 0x00007ffb8ec59000 	C:\WINDOWS\WinSxS\amd64_microsoft.windows.common-controls_6595b64144ccf1df_6.0.17763.1577_none_de7444545348a3d0\COMCTL32.dll
0x00007ffb9af20000 - 0x00007ffb9b24d000 	C:\WINDOWS\System32\combase.dll
0x00007ffb982a0000 - 0x00007ffb9831e000 	C:\WINDOWS\System32\bcryptPrimitives.dll
0x00007ffb9b320000 - 0x00007ffb9b34e000 	C:\WINDOWS\System32\IMM32.DLL
0x0000000055af0000 - 0x0000000055bc2000 	C:\Program Files\OpenJDK\openjdk-8u302-b08\jre\bin\msvcr100.dll
0x0000000055250000 - 0x0000000055ae3000 	C:\Program Files\OpenJDK\openjdk-8u302-b08\jre\bin\server\jvm.dll
0x00007ffb9b840000 - 0x00007ffb9b848000 	C:\WINDOWS\System32\PSAPI.DLL
0x00007ffb96710000 - 0x00007ffb96719000 	C:\WINDOWS\SYSTEM32\WSOCK32.dll
0x00007ffb93820000 - 0x00007ffb9382a000 	C:\WINDOWS\SYSTEM32\VERSION.dll
0x00007ffb9b250000 - 0x00007ffb9b2bd000 	C:\WINDOWS\System32\WS2_32.dll
0x00007ffb959b0000 - 0x00007ffb959d4000 	C:\WINDOWS\SYSTEM32\WINMM.dll
0x00007ffb95980000 - 0x00007ffb959ad000 	C:\WINDOWS\SYSTEM32\winmmbase.dll
0x00007ffb992e0000 - 0x00007ffb9932a000 	C:\WINDOWS\System32\cfgmgr32.dll
0x00007ffb93e50000 - 0x00007ffb93e5f000 	C:\Program Files\OpenJDK\openjdk-8u302-b08\jre\bin\verify.dll
0x00007ffb901a0000 - 0x00007ffb901c9000 	C:\Program Files\OpenJDK\openjdk-8u302-b08\jre\bin\java.dll
0x00007ffb900e0000 - 0x00007ffb900f6000 	C:\Program Files\OpenJDK\openjdk-8u302-b08\jre\bin\zip.dll
0x00007ffb993e0000 - 0x00007ffb9a8d9000 	C:\WINDOWS\System32\SHELL32.dll
0x00007ffb9b500000 - 0x00007ffb9b5a8000 	C:\WINDOWS\System32\shcore.dll
0x00007ffb98420000 - 0x00007ffb98b73000 	C:\WINDOWS\System32\windows.storage.dll
0x00007ffb98240000 - 0x00007ffb98264000 	C:\WINDOWS\System32\profapi.dll
0x00007ffb981e0000 - 0x00007ffb9823d000 	C:\WINDOWS\System32\powrprof.dll
0x00007ffb9c130000 - 0x00007ffb9c182000 	C:\WINDOWS\System32\shlwapi.dll
0x00007ffb981c0000 - 0x00007ffb981d1000 	C:\WINDOWS\System32\kernel.appcore.dll
0x00007ffb98d20000 - 0x00007ffb98d37000 	C:\WINDOWS\System32\cryptsp.dll
0x00007ffb90080000 - 0x00007ffb9009b000 	C:\Program Files\OpenJDK\openjdk-8u302-b08\jre\bin\net.dll
0x00007ffb975f0000 - 0x00007ffb97657000 	C:\WINDOWS\system32\mswsock.dll
0x00007ffb90060000 - 0x00007ffb90071000 	C:\Program Files\OpenJDK\openjdk-8u302-b08\jre\bin\nio.dll
0x00007ffb8c1b0000 - 0x00007ffb8c1d7000 	C:\Users\d1\.gradle\native\e1d6ef7f7dcc3fd88c89a11ec53ec762bb8ba0a96d01ffa2cd45eb1d1d8dd5c5\windows-amd64\native-platform.dll
0x00007ffb7bb80000 - 0x00007ffb7bcc4000 	C:\Users\d1\.gradle\native\5664cfc778a61ccfe75a443a1ab52a65af34e5dc3c78e0209fed803814484fcb\windows-amd64\native-platform-file-events.dll
0x00007ffb90190000 - 0x00007ffb9019d000 	C:\Program Files\OpenJDK\openjdk-8u302-b08\jre\bin\management.dll
0x00007ffb97150000 - 0x00007ffb97183000 	C:\WINDOWS\system32\rsaenh.dll
0x00007ffb98270000 - 0x00007ffb98296000 	C:\WINDOWS\System32\bcrypt.dll
0x00007ffb980a0000 - 0x00007ffb980c9000 	C:\WINDOWS\SYSTEM32\USERENV.dll
0x00007ffb977c0000 - 0x00007ffb977cc000 	C:\WINDOWS\SYSTEM32\CRYPTBASE.dll
0x00007ffb972f0000 - 0x00007ffb9732d000 	C:\WINDOWS\SYSTEM32\IPHLPAPI.DLL
0x00007ffb9acb0000 - 0x00007ffb9acb8000 	C:\WINDOWS\System32\NSI.dll
0x00007ffb93890000 - 0x00007ffb938a6000 	C:\WINDOWS\SYSTEM32\dhcpcsvc6.DLL
0x00007ffb93870000 - 0x00007ffb9388c000 	C:\WINDOWS\SYSTEM32\dhcpcsvc.DLL
0x00007ffb97370000 - 0x00007ffb97436000 	C:\WINDOWS\SYSTEM32\DNSAPI.dll

VM Arguments:
jvm_args: -XX:MaxMetaspaceSize=256m -XX:+HeapDumpOnOutOfMemoryError -Xms256m -Xmx512m -Dfile.encoding=windows-1252 -Duser.country=IN -Duser.language=en -Duser.variant 
java_command: org.gradle.launcher.daemon.bootstrap.GradleDaemon 6.9.1
java_class_path (initial): C:\Users\d1\.gradle\wrapper\dists\gradle-6.9.1-all\dm0s7mte56boux4w1pzdul20n\gradle-6.9.1\lib\gradle-launcher-6.9.1.jar
Launcher Type: SUN_STANDARD

Environment Variables:
JAVA_HOME=C:\Program Files\OpenJDK\openjdk-8u302-b08
CLASSPATH=D:\Techouts\Training\React Native\ReactNativeProject\android\\gradle\wrapper\gradle-wrapper.jar
PATH=D:\Techouts\Training\React Native\ReactNativeProject\android\node_modules\.bin;D:\Techouts\Training\React Native\ReactNativeProject\node_modules\.bin;D:\Techouts\Training\React Native\node_modules\.bin;D:\Techouts\Training\node_modules\.bin;D:\Techouts\node_modules\.bin;D:\node_modules\.bin;C:\Program Files\nodejs;D:\Techouts\Training\React Native\ReactNativeProject\node_modules\.bin;D:\Techouts\Training\React Native\node_modules\.bin;D:\Techouts\Training\node_modules\.bin;D:\Techouts\node_modules\.bin;D:\node_modules\.bin;C:\Program Files\nodejs\node_modules\npm\node_modules\@npmcli\run-script\lib\node-gyp-bin;C:\Program Files (x86)\Common Files\Oracle\Java\javapath;C:\Python39\Scripts\;C:\Python39\;C:\ProgramData\Oracle\Java\javapath;C:\WINDOWS\system32;C:\WINDOWS;C:\WINDOWS\System32\Wbem;C:\WINDOWS\System32\WindowsPowerShell\v1.0\;C:\Program Files\TortoiseGit\bin;C:\Program Files\TortoiseSVN\bin;C:\Program Files\Java\jdk1.8.0_144\bin;D:\Mongo\mongodb-windows-x86_64-3.1.1\bin;C:\WINDOWS\System32\OpenSSH\;C:\Program Files\EmEditor;C:\apache-tomcat-7.0.42\bin;D:\softwares\apache-maven-3.3.9\bin;C:\ProgramData\chocolatey\bin;C:\Program Files\nodejs\;C:\Program Files\OpenJDK\openjdk-8u302-b08\bin;C:\Users\d1\AppData\Local\Android\Sdk;C:\Users\d1\AppData\Local\Android\Sdk\platform-tools;C:\Users\d1\AppData\Local\Android\Sdk\tools;C:\Users\d1\AppData\Local\Microsoft\WindowsApps;C:\Users\d1\AppData\Roaming\npm;C:\Users\d1\AppData\Local\Programs\Git\cmd;D:\Techouts\Training\React Native\ReactNativeProject\node_modules\.bin
USERNAME=D1
OS=Windows_NT
PROCESSOR_IDENTIFIER=Intel64 Family 6 Model 158 Stepping 9, GenuineIntel



---------------  S Y S T E M  ---------------

OS: Windows 10.0 , 64 bit Build 17763 (10.0.17763.475)

CPU:total 8 (initial active 8) (4 cores per cpu, 2 threads per core) family 6 model 158 stepping 9, cmov, cx8, fxsr, mmx, sse, sse2, sse3, ssse3, sse4.1, sse4.2, popcnt, avx, avx2, aes, clmul, erms, rtm, 3dnowpref, lzcnt, ht, tsc, tscinvbit, bmi1, bmi2, adx

Memory: 4k page, physical 8249216k(962592k free), swap 10346368k(8684k free)

vm_info: OpenJDK 64-Bit Server VM (25.302-b08) for windows-amd64 JRE (1.8.0_302-b08), built on Jul 16 2021 12:02:07 by "build" with MS VC++ 10.0 (VS2010)

time: Thu Oct 21 15:44:06 2021
timezone: India Standard Time
elapsed time: 34.371715 seconds (0d 0h 0m 34s)

